<?xml version="1.0" encoding="UTF-8"?>
<!-- Generated by org.testng.reporters.JUnitReportReporter -->
<testsuite skipped="0" hostname="DESKTOP-S1DQQ82" name="test.Java_comp" tests="2" failures="0" timestamp="26 May 2018 12:11:10 GMT" time="0.016" errors="0">
  <testcase name="SecondTest" time="0.000" classname="test.Java_comp"/>
  <testcase name="Demo" time="0.016" classname="test.Java_comp"/>
</testsuite> <!-- test.Java_comp -->
