<?xml version="1.0" encoding="UTF-8"?>
<!-- Generated by org.testng.reporters.JUnitReportReporter -->
<testsuite skipped="0" hostname="DESKTOP-S1DQQ82" name="test.WebLogin" tests="2" failures="0" timestamp="31 May 2018 10:15:30 GMT" time="6.078" errors="0">
  <testcase name="Login_funct" time="5.454" classname="test.WebLogin"/>
  <testcase name="SuccesfulLogin" time="0.624" classname="test.WebLogin"/>
</testsuite> <!-- test.WebLogin -->
