<?xml version="1.0" encoding="UTF-8"?>
<!-- Generated by org.testng.reporters.JUnitReportReporter -->
<testsuite skipped="0" hostname="DESKTOP-S1DQQ82" name="test.Login" tests="2" failures="0" timestamp="31 May 2018 09:52:49 GMT" time="5.997" errors="0">
  <testcase name="Login_funct" time="5.347" classname="test.Login"/>
  <testcase name="SuccesfulLogin" time="0.650" classname="test.Login"/>
</testsuite> <!-- test.Login -->
