<?xml version="1.0" encoding="UTF-8"?>
<!-- Generated by org.testng.reporters.JUnitReportReporter -->
<testsuite skipped="0" hostname="DESKTOP-S1DQQ82" name="test.day2" tests="1" failures="0" timestamp="26 May 2018 12:11:11 GMT" time="0.015" errors="0">
  <testcase name="Demo2" time="0.015" classname="test.day2"/>
</testsuite> <!-- test.day2 -->
